# JRE version: OpenJDK Runtime Environment Temurin-17.0.16+8 (17.0.16+8) (build 17.0.16+8)
# Java VM: OpenJDK 64-Bit Server VM Temurin-17.0.16+8 (17.0.16+8, mixed mode, sharing, tiered, compressed oops, compressed class ptrs, g1 gc, windows-amd64)
GC Precious Log:
 CPUs: 12 total, 12 available
 Memory: 7914M
 Large Page Support: Disabled
 NUMA Support: Disabled
 Compressed Oops: Enabled (32-bit)
 Heap Region Size: 1M
 Heap Min Capacity: 8M
 Heap Initial Capacity: 124M
 Heap Max Capacity: 2G
 Pre-touch: Disabled
 Parallel Workers: 10
 Concurrent Workers: 3
 Concurrent Refinement Workers: 10
 Periodic GC: Disabled
Heap:
 garbage-first heap   total 390144K, used 116304K [0x0000000080000000, 0x0000000100000000)
  region size 1024K, 21 young (21504K), 1 survivors (1024K)
 Metaspace       used 108363K, committed 109056K, reserved 557056K
  class space    used 14047K, committed 14400K, reserved 425984K
GC Heap History (20 events):
Event: 10.824 GC heap before
{Heap before GC invocations=19 (full 0):
 garbage-first heap   total 187392K, used 149778K [0x0000000080000000, 0x0000000100000000)
  region size 1024K, 78 young (79872K), 5 survivors (5120K)
 Metaspace       used 80432K, committed 80960K, reserved 557056K
  class space    used 10765K, committed 11008K, reserved 425984K
}
Event: 10.831 GC heap after
{Heap after GC invocations=20 (full 0):
 garbage-first heap   total 187392K, used 77580K [0x0000000080000000, 0x0000000100000000)
  region size 1024K, 9 young (9216K), 9 survivors (9216K)
 Metaspace       used 80432K, committed 80960K, reserved 557056K
  class space    used 10765K, committed 11008K, reserved 425984K
}
Event: 11.281 GC heap before
{Heap before GC invocations=20 (full 0):
 garbage-first heap   total 187392K, used 149260K [0x0000000080000000, 0x0000000100000000)
  region size 1024K, 79 young (80896K), 9 survivors (9216K)
 Metaspace       used 83657K, committed 84288K, reserved 557056K
  class space    used 11102K, committed 11392K, reserved 425984K
}
Event: 11.290 GC heap after
{Heap after GC invocations=21 (full 0):
 garbage-first heap   total 187392K, used 82829K [0x0000000080000000, 0x0000000100000000)
  region size 1024K, 10 young (10240K), 10 survivors (10240K)
 Metaspace       used 83657K, committed 84288K, reserved 557056K
  class space    used 11102K, committed 11392K, reserved 425984K
}
Event: 12.076 GC heap before
{Heap before GC invocations=21 (full 0):
 garbage-first heap   total 187392K, used 150413K [0x0000000080000000, 0x0000000100000000)
  region size 1024K, 76 young (77824K), 10 survivors (10240K)
 Metaspace       used 91127K, committed 91776K, reserved 557056K
  class space    used 11898K, committed 12160K, reserved 425984K
}
Event: 12.083 GC heap after
{Heap after GC invocations=22 (full 0):
 garbage-first heap   total 187392K, used 87085K [0x0000000080000000, 0x0000000100000000)
  region size 1024K, 10 young (10240K), 10 survivors (10240K)
 Metaspace       used 91127K, committed 91776K, reserved 557056K
  class space    used 11898K, committed 12160K, reserved 425984K
}
Event: 12.704 GC heap before
{Heap before GC invocations=22 (full 0):
 garbage-first heap   total 187392K, used 149549K [0x0000000080000000, 0x0000000100000000)
  region size 1024K, 72 young (73728K), 10 survivors (10240K)
 Metaspace       used 99814K, committed 100416K, reserved 557056K
  class space    used 12850K, committed 13120K, reserved 425984K
}
Event: 12.711 GC heap after
{Heap after GC invocations=23 (full 0):
 garbage-first heap   total 187392K, used 89188K [0x0000000080000000, 0x0000000100000000)
  region size 1024K, 7 young (7168K), 7 survivors (7168K)
 Metaspace       used 99814K, committed 100416K, reserved 557056K
  class space    used 12850K, committed 13120K, reserved 425984K
}
Event: 12.774 GC heap before
{Heap before GC invocations=23 (full 0):
 garbage-first heap   total 187392K, used 94308K [0x0000000080000000, 0x0000000100000000)
  region size 1024K, 13 young (13312K), 7 survivors (7168K)
 Metaspace       used 100454K, committed 101056K, reserved 557056K
  class space    used 12908K, committed 13184K, reserved 425984K
}
Event: 12.779 GC heap after
{Heap after GC invocations=24 (full 0):
 garbage-first heap   total 187392K, used 89351K [0x0000000080000000, 0x0000000100000000)
  region size 1024K, 3 young (3072K), 3 survivors (3072K)
 Metaspace       used 100454K, committed 101056K, reserved 557056K
  class space    used 12908K, committed 13184K, reserved 425984K
}
Event: 13.499 GC heap before
{Heap before GC invocations=25 (full 0):
 garbage-first heap   total 187392K, used 154887K [0x0000000080000000, 0x0000000100000000)
  region size 1024K, 67 young (68608K), 3 survivors (3072K)
 Metaspace       used 106184K, committed 106880K, reserved 557056K
  class space    used 13762K, committed 14016K, reserved 425984K
}
Event: 13.504 GC heap after
{Heap after GC invocations=26 (full 0):
 garbage-first heap   total 187392K, used 92743K [0x0000000080000000, 0x0000000100000000)
  region size 1024K, 6 young (6144K), 6 survivors (6144K)
 Metaspace       used 106184K, committed 106880K, reserved 557056K
  class space    used 13762K, committed 14016K, reserved 425984K
}
Event: 13.515 GC heap before
{Heap before GC invocations=26 (full 0):
 garbage-first heap   total 187392K, used 95815K [0x0000000080000000, 0x0000000100000000)
  region size 1024K, 9 young (9216K), 6 survivors (6144K)
 Metaspace       used 106194K, committed 106880K, reserved 557056K
  class space    used 13762K, committed 14016K, reserved 425984K
}
Event: 13.519 GC heap after
{Heap after GC invocations=27 (full 0):
 garbage-first heap   total 187392K, used 93563K [0x0000000080000000, 0x0000000100000000)
  region size 1024K, 2 young (2048K), 2 survivors (2048K)
 Metaspace       used 106194K, committed 106880K, reserved 557056K
  class space    used 13762K, committed 14016K, reserved 425984K
}
Event: 13.540 GC heap before
{Heap before GC invocations=27 (full 0):
 garbage-first heap   total 187392K, used 96635K [0x0000000080000000, 0x0000000100000000)
  region size 1024K, 6 young (6144K), 2 survivors (2048K)
 Metaspace       used 106219K, committed 106880K, reserved 557056K
  class space    used 13762K, committed 14016K, reserved 425984K
}
Event: 13.541 GC heap after
{Heap after GC invocations=28 (full 0):
 garbage-first heap   total 187392K, used 94059K [0x0000000080000000, 0x0000000100000000)
  region size 1024K, 2 young (2048K), 2 survivors (2048K)
 Metaspace       used 106219K, committed 106880K, reserved 557056K
  class space    used 13762K, committed 14016K, reserved 425984K
}
Event: 13.809 GC heap before
{Heap before GC invocations=29 (full 0):
 garbage-first heap   total 201728K, used 154475K [0x0000000080000000, 0x0000000100000000)
  region size 1024K, 60 young (61440K), 2 survivors (2048K)
 Metaspace       used 106905K, committed 107584K, reserved 557056K
  class space    used 13817K, committed 14080K, reserved 425984K
}
Event: 13.815 GC heap after
{Heap after GC invocations=30 (full 0):
 garbage-first heap   total 201728K, used 100274K [0x0000000080000000, 0x0000000100000000)
  region size 1024K, 8 young (8192K), 8 survivors (8192K)
 Metaspace       used 106905K, committed 107584K, reserved 557056K
  class space    used 13817K, committed 14080K, reserved 425984K
}
Event: 13.826 GC heap before
{Heap before GC invocations=30 (full 0):
 garbage-first heap   total 201728K, used 101298K [0x0000000080000000, 0x0000000100000000)
  region size 1024K, 9 young (9216K), 8 survivors (8192K)
 Metaspace       used 106928K, committed 107584K, reserved 557056K
  class space    used 13817K, committed 14080K, reserved 425984K
}
Event: 13.834 GC heap after
{Heap after GC invocations=31 (full 0):
 garbage-first heap   total 390144K, used 96848K [0x0000000080000000, 0x0000000100000000)
  region size 1024K, 1 young (1024K), 1 survivors (1024K)
 Metaspace       used 106928K, committed 107584K, reserved 557056K
  class space    used 13817K, committed 14080K, reserved 425984K
}

