# JRE version: OpenJDK Runtime Environment Temurin-17.0.16+8 (17.0.16+8) (build 17.0.16+8)
# Java VM: OpenJDK 64-Bit Server VM Temurin-17.0.16+8 (17.0.16+8, mixed mode, sharing, tiered, compressed oops, compressed class ptrs, g1 gc, windows-amd64)
GC Precious Log:
 CPUs: 12 total, 12 available
 Memory: 7914M
 Large Page Support: Disabled
 NUMA Support: Disabled
 Compressed Oops: Enabled (32-bit)
 Heap Region Size: 1M
 Heap Min Capacity: 8M
 Heap Initial Capacity: 124M
 Heap Max Capacity: 2G
 Pre-touch: Disabled
 Parallel Workers: 10
 Concurrent Workers: 3
 Concurrent Refinement Workers: 10
 Periodic GC: Disabled
Heap:
 garbage-first heap   total 193536K, used 117723K [0x0000000080000000, 0x0000000100000000)
  region size 1024K, 6 young (6144K), 6 survivors (6144K)
 Metaspace       used 117649K, committed 118400K, reserved 557056K
  class space    used 15525K, committed 15872K, reserved 425984K
GC Heap History (20 events):
Event: 10.722 GC heap after
{Heap after GC invocations=24 (full 0):
 garbage-first heap   total 147456K, used 75646K [0x0000000080000000, 0x0000000100000000)
  region size 1024K, 6 young (6144K), 6 survivors (6144K)
 Metaspace       used 89455K, committed 90112K, reserved 557056K
  class space    used 12223K, committed 12544K, reserved 425984K
}
Event: 10.737 GC heap before
{Heap before GC invocations=24 (full 0):
 garbage-first heap   total 147456K, used 76670K [0x0000000080000000, 0x0000000100000000)
  region size 1024K, 7 young (7168K), 6 survivors (6144K)
 Metaspace       used 89573K, committed 90240K, reserved 557056K
  class space    used 12238K, committed 12544K, reserved 425984K
}
Event: 10.741 GC heap after
{Heap after GC invocations=25 (full 0):
 garbage-first heap   total 177152K, used 76169K [0x0000000080000000, 0x0000000100000000)
  region size 1024K, 1 young (1024K), 1 survivors (1024K)
 Metaspace       used 89573K, committed 90240K, reserved 557056K
  class space    used 12238K, committed 12544K, reserved 425984K
}
Event: 11.358 GC heap before
{Heap before GC invocations=25 (full 0):
 garbage-first heap   total 177152K, used 143753K [0x0000000080000000, 0x0000000100000000)
  region size 1024K, 67 young (68608K), 1 survivors (1024K)
 Metaspace       used 96822K, committed 97536K, reserved 557056K
  class space    used 13007K, committed 13312K, reserved 425984K
}
Event: 11.361 GC heap after
{Heap after GC invocations=26 (full 0):
 garbage-first heap   total 177152K, used 79412K [0x0000000080000000, 0x0000000100000000)
  region size 1024K, 5 young (5120K), 5 survivors (5120K)
 Metaspace       used 96822K, committed 97536K, reserved 557056K
  class space    used 13007K, committed 13312K, reserved 425984K
}
Event: 11.972 GC heap before
{Heap before GC invocations=26 (full 0):
 garbage-first heap   total 177152K, used 141876K [0x0000000080000000, 0x0000000100000000)
  region size 1024K, 67 young (68608K), 5 survivors (5120K)
 Metaspace       used 105443K, committed 106112K, reserved 557056K
  class space    used 13975K, committed 14272K, reserved 425984K
}
Event: 11.976 GC heap after
{Heap after GC invocations=27 (full 0):
 garbage-first heap   total 177152K, used 81249K [0x0000000080000000, 0x0000000100000000)
  region size 1024K, 6 young (6144K), 6 survivors (6144K)
 Metaspace       used 105443K, committed 106112K, reserved 557056K
  class space    used 13975K, committed 14272K, reserved 425984K
}
Event: 12.438 GC heap before
{Heap before GC invocations=27 (full 0):
 garbage-first heap   total 177152K, used 123233K [0x0000000080000000, 0x0000000100000000)
  region size 1024K, 44 young (45056K), 6 survivors (6144K)
 Metaspace       used 109076K, committed 109760K, reserved 557056K
  class space    used 14375K, committed 14720K, reserved 425984K
}
Event: 12.443 GC heap after
{Heap after GC invocations=28 (full 0):
 garbage-first heap   total 177152K, used 86673K [0x0000000080000000, 0x0000000100000000)
  region size 1024K, 4 young (4096K), 4 survivors (4096K)
 Metaspace       used 109076K, committed 109760K, reserved 557056K
  class space    used 14375K, committed 14720K, reserved 425984K
}
Event: 13.160 GC heap before
{Heap before GC invocations=29 (full 0):
 garbage-first heap   total 177152K, used 155281K [0x0000000080000000, 0x0000000100000000)
  region size 1024K, 63 young (64512K), 4 survivors (4096K)
 Metaspace       used 114690K, committed 115456K, reserved 557056K
  class space    used 15187K, committed 15552K, reserved 425984K
}
Event: 13.166 GC heap after
{Heap after GC invocations=30 (full 0):
 garbage-first heap   total 177152K, used 98509K [0x0000000080000000, 0x0000000100000000)
  region size 1024K, 7 young (7168K), 7 survivors (7168K)
 Metaspace       used 114690K, committed 115456K, reserved 557056K
  class space    used 15187K, committed 15552K, reserved 425984K
}
Event: 13.174 GC heap before
{Heap before GC invocations=30 (full 0):
 garbage-first heap   total 177152K, used 99533K [0x0000000080000000, 0x0000000100000000)
  region size 1024K, 8 young (8192K), 7 survivors (7168K)
 Metaspace       used 114748K, committed 115520K, reserved 557056K
  class space    used 15195K, committed 15552K, reserved 425984K
}
Event: 13.178 GC heap after
{Heap after GC invocations=31 (full 0):
 garbage-first heap   total 177152K, used 98683K [0x0000000080000000, 0x0000000100000000)
  region size 1024K, 1 young (1024K), 1 survivors (1024K)
 Metaspace       used 114748K, committed 115520K, reserved 557056K
  class space    used 15195K, committed 15552K, reserved 425984K
}
Event: 13.685 GC heap before
{Heap before GC invocations=31 (full 0):
 garbage-first heap   total 177152K, used 147835K [0x0000000080000000, 0x0000000100000000)
  region size 1024K, 50 young (51200K), 1 survivors (1024K)
 Metaspace       used 117138K, committed 117888K, reserved 557056K
  class space    used 15507K, committed 15872K, reserved 425984K
}
Event: 13.691 GC heap after
{Heap after GC invocations=32 (full 0):
 garbage-first heap   total 177152K, used 103720K [0x0000000080000000, 0x0000000100000000)
  region size 1024K, 6 young (6144K), 6 survivors (6144K)
 Metaspace       used 117138K, committed 117888K, reserved 557056K
  class space    used 15507K, committed 15872K, reserved 425984K
}
Event: 13.906 GC heap before
{Heap before GC invocations=33 (full 0):
 garbage-first heap   total 193536K, used 147752K [0x0000000080000000, 0x0000000100000000)
  region size 1024K, 48 young (49152K), 6 survivors (6144K)
 Metaspace       used 117375K, committed 118144K, reserved 557056K
  class space    used 15515K, committed 15872K, reserved 425984K
}
Event: 13.917 GC heap after
{Heap after GC invocations=34 (full 0):
 garbage-first heap   total 193536K, used 113515K [0x0000000080000000, 0x0000000100000000)
  region size 1024K, 6 young (6144K), 6 survivors (6144K)
 Metaspace       used 117375K, committed 118144K, reserved 557056K
  class space    used 15515K, committed 15872K, reserved 425984K
}
Event: 13.920 GC heap before
{Heap before GC invocations=34 (full 0):
 garbage-first heap   total 193536K, used 116587K [0x0000000080000000, 0x0000000100000000)
  region size 1024K, 9 young (9216K), 6 survivors (6144K)
 Metaspace       used 117375K, committed 118144K, reserved 557056K
  class space    used 15515K, committed 15872K, reserved 425984K
}
Event: 13.925 GC heap after
{Heap after GC invocations=35 (full 0):
 garbage-first heap   total 193536K, used 113459K [0x0000000080000000, 0x0000000100000000)
  region size 1024K, 2 young (2048K), 2 survivors (2048K)
 Metaspace       used 117375K, committed 118144K, reserved 557056K
  class space    used 15515K, committed 15872K, reserved 425984K
}
Event: 14.252 GC heap before
{Heap before GC invocations=35 (full 0):
 garbage-first heap   total 193536K, used 155443K [0x0000000080000000, 0x0000000100000000)
  region size 1024K, 43 young (44032K), 2 survivors (2048K)
 Metaspace       used 117649K, committed 118400K, reserved 557056K
  class space    used 15525K, committed 15872K, reserved 425984K
}

